[debug] [2023-06-23T13:55:48.844Z] ----------------------------------------------------------------------
[debug] [2023-06-23T13:55:48.847Z] Command:       C:\Program Files\nodejs\node.exe C:\Users\Lenovo\AppData\Roaming\npm\node_modules\firebase-tools\lib\bin\firebase.js deploy
[debug] [2023-06-23T13:55:48.848Z] CLI Version:   12.4.0
[debug] [2023-06-23T13:55:48.849Z] Platform:      win32
[debug] [2023-06-23T13:55:48.849Z] Node Version:  v18.13.0
[debug] [2023-06-23T13:55:48.850Z] Time:          Fri Jun 23 2023 19:25:48 GMT+0530 (India Standard Time)
[debug] [2023-06-23T13:55:48.851Z] ----------------------------------------------------------------------
[debug] 
[debug] [2023-06-23T13:55:48.973Z] > command requires scopes: ["email","openid","https://www.googleapis.com/auth/cloudplatformprojects.readonly","https://www.googleapis.com/auth/firebase","https://www.googleapis.com/auth/cloud-platform"]
[debug] [2023-06-23T13:55:48.974Z] > authorizing via signed-in user (pillirajesh05@gmail.com)
[debug] [2023-06-23T13:55:48.975Z] [iam] checking project emojigame-6b088 for permissions ["firebase.projects.get","firebasehosting.sites.update"]
[debug] [2023-06-23T13:55:48.977Z] > refreshing access token with scopes: []
[debug] [2023-06-23T13:55:48.980Z] >>> [apiv2][query] POST https://www.googleapis.com/oauth2/v3/token [none]
[debug] [2023-06-23T13:55:48.980Z] >>> [apiv2][body] POST https://www.googleapis.com/oauth2/v3/token [omitted]
[debug] [2023-06-23T13:55:49.719Z] <<< [apiv2][status] POST https://www.googleapis.com/oauth2/v3/token 200
[debug] [2023-06-23T13:55:49.721Z] <<< [apiv2][body] POST https://www.googleapis.com/oauth2/v3/token [omitted]
[debug] [2023-06-23T13:55:49.765Z] >>> [apiv2][query] POST https://cloudresourcemanager.googleapis.com/v1/projects/emojigame-6b088:testIamPermissions [none]
[debug] [2023-06-23T13:55:49.766Z] >>> [apiv2][(partial)header] POST https://cloudresourcemanager.googleapis.com/v1/projects/emojigame-6b088:testIamPermissions x-goog-quota-user=projects/emojigame-6b088
[debug] [2023-06-23T13:55:49.767Z] >>> [apiv2][body] POST https://cloudresourcemanager.googleapis.com/v1/projects/emojigame-6b088:testIamPermissions {"permissions":["firebase.projects.get","firebasehosting.sites.update"]}
[debug] [2023-06-23T13:55:51.636Z] <<< [apiv2][status] POST https://cloudresourcemanager.googleapis.com/v1/projects/emojigame-6b088:testIamPermissions 200
[debug] [2023-06-23T13:55:51.637Z] <<< [apiv2][body] POST https://cloudresourcemanager.googleapis.com/v1/projects/emojigame-6b088:testIamPermissions {"permissions":["firebase.projects.get","firebasehosting.sites.update"]}
[debug] [2023-06-23T13:55:51.642Z] >>> [apiv2][query] GET https://firebase.googleapis.com/v1beta1/projects/emojigame-6b088 [none]
[debug] [2023-06-23T13:55:52.515Z] <<< [apiv2][status] GET https://firebase.googleapis.com/v1beta1/projects/emojigame-6b088 200
[debug] [2023-06-23T13:55:52.516Z] <<< [apiv2][body] GET https://firebase.googleapis.com/v1beta1/projects/emojigame-6b088 {"projectId":"emojigame-6b088","projectNumber":"546785123531","displayName":"EmojiGame","name":"projects/emojigame-6b088","resources":{"hostingSite":"emojigame-6b088"},"state":"ACTIVE","etag":"1_32f9463e-c62a-4c62-90fc-61f934e6f94d"}
[info] 
[info] === Deploying to 'emojigame-6b088'...
[info] 
[info] i  deploying hosting 
[debug] [2023-06-23T13:55:52.544Z] >>> [apiv2][query] POST https://firebasehosting.googleapis.com/v1beta1/projects/-/sites/emojigame-6b088/versions [none]
[debug] [2023-06-23T13:55:52.544Z] >>> [apiv2][body] POST https://firebasehosting.googleapis.com/v1beta1/projects/-/sites/emojigame-6b088/versions {"status":"CREATED","labels":{"deployment-tool":"cli-firebase"}}
[debug] [2023-06-23T13:55:54.113Z] <<< [apiv2][status] POST https://firebasehosting.googleapis.com/v1beta1/projects/-/sites/emojigame-6b088/versions 200
[debug] [2023-06-23T13:55:54.113Z] <<< [apiv2][body] POST https://firebasehosting.googleapis.com/v1beta1/projects/-/sites/emojigame-6b088/versions {"name":"projects/546785123531/sites/emojigame-6b088/versions/bd37ba6b5edb0022","status":"CREATED","config":{},"labels":{"deployment-tool":"cli-firebase"}}
[info] i  hosting[emojigame-6b088]: beginning deploy... 
[info] i  hosting[emojigame-6b088]: found 7 files in build 
[debug] [2023-06-23T13:56:13.712Z] [hosting] uploading with 200 concurrency
[debug] [2023-06-23T13:56:14.027Z] [hosting] hash cache [YnVpbGQ] stored for 7 files
[debug] [2023-06-23T13:56:14.031Z] [hosting][hash queue][FINAL] {"max":184,"min":15,"avg":41,"active":0,"complete":7,"success":7,"errored":0,"retried":0,"total":7,"elapsed":213}
[debug] [2023-06-23T13:56:14.033Z] >>> [apiv2][query] POST https://firebasehosting.googleapis.com/v1beta1/projects/546785123531/sites/emojigame-6b088/versions/bd37ba6b5edb0022:populateFiles [none]
[debug] [2023-06-23T13:56:14.033Z] >>> [apiv2][body] POST https://firebasehosting.googleapis.com/v1beta1/projects/546785123531/sites/emojigame-6b088/versions/bd37ba6b5edb0022:populateFiles {"files":{"/asset-manifest.json":"bcf551b9b6ed6d50fde7b2bf1b5bec987872c468484157a5ed39770500ba303f","/index.html":"9d7ce7ff51bef0f4e0ae15d774ea89e7323533d8b31c0305f4ff63a7ce3192fe","/static/css/main.3a3b27b9.css":"ece2d4de41c71deed6e91edff452c6dea74f651647ad09958cd40593f34f1ba2","/static/css/main.3a3b27b9.css.map":"bc7e0ded70625f1e1e4dc627a5554e5809cf348c12bb2d038e18fcb7645ae986","/static/js/main.d55b0b25.js.LICENSE.txt":"a1e10079e8155bc5525d13d0464e64acbd892cb93e51621cce5f31f1c4cc8fe3","/static/js/main.d55b0b25.js":"d4b454fedb1624047fb3499b2b0e540684bde278f6150e0e2cb5b53e71cc2c23","/static/js/main.d55b0b25.js.map":"fc5cb26dc30586a1399bcc411f64b507b18b157de526faa65684b7e373330aaa"}}
[debug] [2023-06-23T13:56:15.333Z] <<< [apiv2][status] POST https://firebasehosting.googleapis.com/v1beta1/projects/546785123531/sites/emojigame-6b088/versions/bd37ba6b5edb0022:populateFiles 200
[debug] [2023-06-23T13:56:15.334Z] <<< [apiv2][body] POST https://firebasehosting.googleapis.com/v1beta1/projects/546785123531/sites/emojigame-6b088/versions/bd37ba6b5edb0022:populateFiles {"uploadRequiredHashes":["9d7ce7ff51bef0f4e0ae15d774ea89e7323533d8b31c0305f4ff63a7ce3192fe","d4b454fedb1624047fb3499b2b0e540684bde278f6150e0e2cb5b53e71cc2c23","fc5cb26dc30586a1399bcc411f64b507b18b157de526faa65684b7e373330aaa","bcf551b9b6ed6d50fde7b2bf1b5bec987872c468484157a5ed39770500ba303f"],"uploadUrl":"https://upload-firebasehosting.googleapis.com/upload/sites/emojigame-6b088/versions/bd37ba6b5edb0022/files"}
[debug] [2023-06-23T13:56:15.342Z] >>> [apiv2][query] POST https://upload-firebasehosting.googleapis.com/upload/sites/emojigame-6b088/versions/bd37ba6b5edb0022/files/9d7ce7ff51bef0f4e0ae15d774ea89e7323533d8b31c0305f4ff63a7ce3192fe [none]
[debug] [2023-06-23T13:56:15.343Z] >>> [apiv2][body] POST https://upload-firebasehosting.googleapis.com/upload/sites/emojigame-6b088/versions/bd37ba6b5edb0022/files/9d7ce7ff51bef0f4e0ae15d774ea89e7323533d8b31c0305f4ff63a7ce3192fe [stream]
[debug] [2023-06-23T13:56:15.351Z] >>> [apiv2][query] POST https://upload-firebasehosting.googleapis.com/upload/sites/emojigame-6b088/versions/bd37ba6b5edb0022/files/d4b454fedb1624047fb3499b2b0e540684bde278f6150e0e2cb5b53e71cc2c23 [none]
[debug] [2023-06-23T13:56:15.351Z] >>> [apiv2][body] POST https://upload-firebasehosting.googleapis.com/upload/sites/emojigame-6b088/versions/bd37ba6b5edb0022/files/d4b454fedb1624047fb3499b2b0e540684bde278f6150e0e2cb5b53e71cc2c23 [stream]
[debug] [2023-06-23T13:56:15.355Z] >>> [apiv2][query] POST https://upload-firebasehosting.googleapis.com/upload/sites/emojigame-6b088/versions/bd37ba6b5edb0022/files/fc5cb26dc30586a1399bcc411f64b507b18b157de526faa65684b7e373330aaa [none]
[debug] [2023-06-23T13:56:15.355Z] >>> [apiv2][body] POST https://upload-firebasehosting.googleapis.com/upload/sites/emojigame-6b088/versions/bd37ba6b5edb0022/files/fc5cb26dc30586a1399bcc411f64b507b18b157de526faa65684b7e373330aaa [stream]
[debug] [2023-06-23T13:56:15.360Z] >>> [apiv2][query] POST https://upload-firebasehosting.googleapis.com/upload/sites/emojigame-6b088/versions/bd37ba6b5edb0022/files/bcf551b9b6ed6d50fde7b2bf1b5bec987872c468484157a5ed39770500ba303f [none]
[debug] [2023-06-23T13:56:15.360Z] >>> [apiv2][body] POST https://upload-firebasehosting.googleapis.com/upload/sites/emojigame-6b088/versions/bd37ba6b5edb0022/files/bcf551b9b6ed6d50fde7b2bf1b5bec987872c468484157a5ed39770500ba303f [stream]
[debug] [2023-06-23T13:56:15.364Z] [hosting][populate queue][FINAL] {"max":1332,"min":1332,"avg":1332,"active":0,"complete":1,"success":1,"errored":0,"retried":0,"total":1,"elapsed":1354}
[debug] [2023-06-23T13:56:15.365Z] [hosting] uploads queued: 4
[debug] [2023-06-23T13:56:17.219Z] <<< [apiv2][status] POST https://upload-firebasehosting.googleapis.com/upload/sites/emojigame-6b088/versions/bd37ba6b5edb0022/files/bcf551b9b6ed6d50fde7b2bf1b5bec987872c468484157a5ed39770500ba303f 200
[debug] [2023-06-23T13:56:17.219Z] <<< [apiv2][body] POST https://upload-firebasehosting.googleapis.com/upload/sites/emojigame-6b088/versions/bd37ba6b5edb0022/files/bcf551b9b6ed6d50fde7b2bf1b5bec987872c468484157a5ed39770500ba303f [stream]
[debug] [2023-06-23T13:56:18.512Z] <<< [apiv2][status] POST https://upload-firebasehosting.googleapis.com/upload/sites/emojigame-6b088/versions/bd37ba6b5edb0022/files/9d7ce7ff51bef0f4e0ae15d774ea89e7323533d8b31c0305f4ff63a7ce3192fe 200
[debug] [2023-06-23T13:56:18.513Z] <<< [apiv2][body] POST https://upload-firebasehosting.googleapis.com/upload/sites/emojigame-6b088/versions/bd37ba6b5edb0022/files/9d7ce7ff51bef0f4e0ae15d774ea89e7323533d8b31c0305f4ff63a7ce3192fe [stream]
[debug] [2023-06-23T13:56:18.517Z] <<< [apiv2][status] POST https://upload-firebasehosting.googleapis.com/upload/sites/emojigame-6b088/versions/bd37ba6b5edb0022/files/d4b454fedb1624047fb3499b2b0e540684bde278f6150e0e2cb5b53e71cc2c23 200
[debug] [2023-06-23T13:56:18.518Z] <<< [apiv2][body] POST https://upload-firebasehosting.googleapis.com/upload/sites/emojigame-6b088/versions/bd37ba6b5edb0022/files/d4b454fedb1624047fb3499b2b0e540684bde278f6150e0e2cb5b53e71cc2c23 [stream]
[debug] [2023-06-23T13:56:18.680Z] <<< [apiv2][status] POST https://upload-firebasehosting.googleapis.com/upload/sites/emojigame-6b088/versions/bd37ba6b5edb0022/files/fc5cb26dc30586a1399bcc411f64b507b18b157de526faa65684b7e373330aaa 200
[debug] [2023-06-23T13:56:18.681Z] <<< [apiv2][body] POST https://upload-firebasehosting.googleapis.com/upload/sites/emojigame-6b088/versions/bd37ba6b5edb0022/files/fc5cb26dc30586a1399bcc411f64b507b18b157de526faa65684b7e373330aaa [stream]
[debug] [2023-06-23T13:56:18.682Z] [hosting][upload queue][FINAL] {"max":3342,"min":1878,"avg":2894.25,"active":0,"complete":4,"success":4,"errored":0,"retried":0,"total":4,"elapsed":3347}
[info] +  hosting[emojigame-6b088]: file upload complete 
[debug] [2023-06-23T13:56:18.685Z] [hosting] deploy completed after 4994ms
[debug] [2023-06-23T13:56:18.692Z] [
  {
    "config": {
      "public": "build",
      "ignore": [
        "firebase.json",
        "**/.*",
        "**/node_modules/**"
      ],
      "site": "emojigame-6b088"
    },
    "version": "projects/546785123531/sites/emojigame-6b088/versions/bd37ba6b5edb0022"
  }
]
[info] i  hosting[emojigame-6b088]: finalizing version... 
[debug] [2023-06-23T13:56:18.703Z] >>> [apiv2][query] PATCH https://firebasehosting.googleapis.com/v1beta1/projects/-/sites/emojigame-6b088/versions/bd37ba6b5edb0022 updateMask=status%2Cconfig
[debug] [2023-06-23T13:56:18.703Z] >>> [apiv2][body] PATCH https://firebasehosting.googleapis.com/v1beta1/projects/-/sites/emojigame-6b088/versions/bd37ba6b5edb0022 {"status":"FINALIZED","config":{}}
[debug] [2023-06-23T13:56:19.824Z] <<< [apiv2][status] PATCH https://firebasehosting.googleapis.com/v1beta1/projects/-/sites/emojigame-6b088/versions/bd37ba6b5edb0022 200
[debug] [2023-06-23T13:56:19.825Z] <<< [apiv2][body] PATCH https://firebasehosting.googleapis.com/v1beta1/projects/-/sites/emojigame-6b088/versions/bd37ba6b5edb0022 {"name":"projects/546785123531/sites/emojigame-6b088/versions/bd37ba6b5edb0022","status":"FINALIZED","config":{},"labels":{"deployment-tool":"cli-firebase"},"createTime":"2023-06-23T13:55:55.764673Z","createUser":{"email":"pillirajesh05@gmail.com"},"finalizeTime":"2023-06-23T13:56:21.733878Z","finalizeUser":{"email":"pillirajesh05@gmail.com"}}
[debug] [2023-06-23T13:56:19.825Z] [hosting] finalized version for emojigame-6b088:[object Object]
[info] +  hosting[emojigame-6b088]: version finalized 
[info] i  hosting[emojigame-6b088]: releasing new version... 
[debug] [2023-06-23T13:56:19.828Z] >>> [apiv2][query] POST https://firebasehosting.googleapis.com/v1beta1/projects/-/sites/emojigame-6b088/channels/live/releases versionName=projects%2F546785123531%2Fsites%2Femojigame-6b088%2Fversions%2Fbd37ba6b5edb0022
[debug] [2023-06-23T13:56:19.829Z] >>> [apiv2][body] POST https://firebasehosting.googleapis.com/v1beta1/projects/-/sites/emojigame-6b088/channels/live/releases {}
[debug] [2023-06-23T13:56:21.076Z] <<< [apiv2][status] POST https://firebasehosting.googleapis.com/v1beta1/projects/-/sites/emojigame-6b088/channels/live/releases 200
[debug] [2023-06-23T13:56:21.076Z] <<< [apiv2][body] POST https://firebasehosting.googleapis.com/v1beta1/projects/-/sites/emojigame-6b088/channels/live/releases {"name":"projects/546785123531/sites/emojigame-6b088/channels/live/releases/1687528582377000","version":{"name":"projects/546785123531/sites/emojigame-6b088/versions/bd37ba6b5edb0022","status":"FINALIZED","config":{},"labels":{"deployment-tool":"cli-firebase"},"createTime":"2023-06-23T13:55:55.764673Z","createUser":{"email":"pillirajesh05@gmail.com","imageUrl":"https://lh3.googleusercontent.com/a/AAcHTteHl5uSCA5fSelDlD7gPVmcixJxn82dVR5PjAWKjQ"},"finalizeTime":"2023-06-23T13:56:21.733878Z","finalizeUser":{"email":"pillirajesh05@gmail.com","imageUrl":"https://lh3.googleusercontent.com/a/AAcHTteHl5uSCA5fSelDlD7gPVmcixJxn82dVR5PjAWKjQ"}},"type":"DEPLOY","releaseTime":"2023-06-23T13:56:22.377Z","releaseUser":{"email":"pillirajesh05@gmail.com","imageUrl":"https://lh3.googleusercontent.com/a/AAcHTteHl5uSCA5fSelDlD7gPVmcixJxn82dVR5PjAWKjQ"}}
[debug] [2023-06-23T13:56:21.077Z] [hosting] release: {"name":"projects/546785123531/sites/emojigame-6b088/channels/live/releases/1687528582377000","version":{"name":"projects/546785123531/sites/emojigame-6b088/versions/bd37ba6b5edb0022","status":"FINALIZED","config":{},"labels":{"deployment-tool":"cli-firebase"},"createTime":"2023-06-23T13:55:55.764673Z","createUser":{"email":"pillirajesh05@gmail.com","imageUrl":"https://lh3.googleusercontent.com/a/AAcHTteHl5uSCA5fSelDlD7gPVmcixJxn82dVR5PjAWKjQ"},"finalizeTime":"2023-06-23T13:56:21.733878Z","finalizeUser":{"email":"pillirajesh05@gmail.com","imageUrl":"https://lh3.googleusercontent.com/a/AAcHTteHl5uSCA5fSelDlD7gPVmcixJxn82dVR5PjAWKjQ"}},"type":"DEPLOY","releaseTime":"2023-06-23T13:56:22.377Z","releaseUser":{"email":"pillirajesh05@gmail.com","imageUrl":"https://lh3.googleusercontent.com/a/AAcHTteHl5uSCA5fSelDlD7gPVmcixJxn82dVR5PjAWKjQ"}}
[info] +  hosting[emojigame-6b088]: release complete 
[info] 
[info] +  Deploy complete! 
[info] 
[info] Project Console: https://console.firebase.google.com/project/emojigame-6b088/overview
[info] Hosting URL: https://emojigame-6b088.web.app
[debug] [2023-06-23T13:56:52.165Z] Error: Timed out.
    at Timeout._onTimeout (C:\Users\Lenovo\AppData\Roaming\npm\node_modules\firebase-tools\lib\utils.js:253:49)
    at listOnTimeout (node:internal/timers:564:17)
    at process.processTimers (node:internal/timers:507:7)
[error] 
[error] Error: An unexpected error has occurred.
